<?xml version="1.0" encoding="UTF-8"?>
<!-- Generated by org.testng.reporters.JUnitReportReporter -->
<testsuite skipped="0" hostname="swathi-PC" name="dec26.Demo1" tests="3" failures="0" timestamp="26 Dec 2019 17:01:20 GMT" time="0.011" errors="0">
  <testcase name="reply" time="0.001" classname="dec26.Demo1"/>
  <testcase name="compose" time="0.006" classname="dec26.Demo1"/>
  <testcase name="login" time="0.004" classname="dec26.Demo1"/>
</testsuite> <!-- dec26.Demo1 -->
