<?xml version="1.0" encoding="UTF-8"?>
<!-- Generated by org.testng.reporters.JUnitReportReporter -->
<testsuite skipped="0" hostname="swathi-PC" name="dec26.TestCaseDemo" tests="3" failures="0" timestamp="29 Dec 2019 10:33:46 GMT" time="0.031" errors="0">
  <testcase name="compose" time="0.023" classname="dec26.TestCaseDemo"/>
  <testcase name="reply" time="0.003" classname="dec26.TestCaseDemo"/>
  <testcase name="login" time="0.005" classname="dec26.TestCaseDemo"/>
</testsuite> <!-- dec26.TestCaseDemo -->
