<?xml version="1.0" encoding="UTF-8"?>
<!-- Generated by org.testng.reporters.JUnitReportReporter -->
<testsuite skipped="0" hostname="swathi-PC" name="dec27.com.Testcase_Demo" tests="4" failures="0" timestamp="29 Dec 2019 10:33:46 GMT" time="21.250" errors="0">
  <testcase name="registerlink" time="5.050" classname="dec27.com.Testcase_Demo"/>
  <testcase name="registerlink" time="5.068" classname="dec27.com.Testcase_Demo"/>
  <testcase name="hotellink" time="6.127" classname="dec27.com.Testcase_Demo"/>
  <testcase name="signonlink" time="5.005" classname="dec27.com.Testcase_Demo"/>
</testsuite> <!-- dec27.com.Testcase_Demo -->
