<?xml version="1.0" encoding="UTF-8"?>
<!-- Generated by org.testng.reporters.JUnitReportReporter -->
<testsuite skipped="0" hostname="swathi-PC" name="dec29.Taking_Screenshot" tests="1" failures="0" timestamp="29 Dec 2019 11:20:02 GMT" time="21.274" errors="0">
  <testcase name="takescreen" time="21.274" classname="dec29.Taking_Screenshot"/>
</testsuite> <!-- dec29.Taking_Screenshot -->
