<?xml version="1.0" encoding="UTF-8"?>
<!-- Generated by org.testng.reporters.JUnitReportReporter -->
<testsuite skipped="0" hostname="swathi-PC" name="dec27.com.Testcase_Demo" tests="4" failures="0" timestamp="27 Dec 2019 17:05:32 GMT" time="20.566" errors="0">
  <testcase name="registerlink" time="4.960" classname="dec27.com.Testcase_Demo"/>
  <testcase name="registerlink" time="5.436" classname="dec27.com.Testcase_Demo"/>
  <testcase name="hotellink" time="5.193" classname="dec27.com.Testcase_Demo"/>
  <testcase name="signonlink" time="4.977" classname="dec27.com.Testcase_Demo"/>
</testsuite> <!-- dec27.com.Testcase_Demo -->
